0 info it worked if it ends with ok
1 verbose cli [ '/home/sgento/.nvm/versions/node/v10.9.0/bin/node',
1 verbose cli   '/home/sgento/.nvm/versions/node/v10.9.0/bin/npm',
1 verbose cli   'uninstall',
1 verbose cli   '--save',
1 verbose cli   'bcrypt' ]
2 info using npm@3.10.10
3 info using node@v10.9.0
4 silly loadCurrentTree Starting
5 silly install loadCurrentTree
6 silly install readLocalPackageData
7 silly install normalizeTree
8 silly loadCurrentTree Finishing
9 silly loadIdealTree Starting
10 silly install loadIdealTree
11 silly cloneCurrentTree Starting
12 silly install cloneCurrentTreeToIdealTree
13 silly cloneCurrentTree Finishing
14 silly loadShrinkwrap Starting
15 silly install loadShrinkwrap
16 silly loadShrinkwrap Finishing
17 silly loadAllDepsIntoIdealTree Starting
18 silly uninstall loadAllDepsIntoIdealtree
19 silly loadAllDepsIntoIdealTree Finishing
20 silly loadIdealTree Finishing
21 silly currentTree backend.angular@1.0.0
21 silly currentTree ├── abbrev@1.1.1
21 silly currentTree ├── accepts@1.3.7
21 silly currentTree ├── ansi-align@2.0.0
21 silly currentTree ├── ansi-regex@3.0.0
21 silly currentTree ├── ansi-styles@3.2.1
21 silly currentTree ├─┬ anymatch@2.0.0
21 silly currentTree │ └── normalize-path@2.1.1
21 silly currentTree ├── arr-diff@4.0.0
21 silly currentTree ├── arr-flatten@1.1.0
21 silly currentTree ├── arr-union@3.1.0
21 silly currentTree ├── array-flatten@1.1.1
21 silly currentTree ├── array-unique@0.3.2
21 silly currentTree ├── assign-symbols@1.0.0
21 silly currentTree ├── async-each@1.0.3
21 silly currentTree ├── async@2.6.2
21 silly currentTree ├── atob@2.1.2
21 silly currentTree ├── balanced-match@1.0.0
21 silly currentTree ├─┬ base@0.11.2
21 silly currentTree │ ├── define-property@1.0.0
21 silly currentTree │ ├── is-accessor-descriptor@1.0.0
21 silly currentTree │ ├── is-data-descriptor@1.0.0
21 silly currentTree │ └── is-descriptor@1.0.2
21 silly currentTree ├── bcrypt-nodejs@0.0.3
21 silly currentTree ├── binary-extensions@1.13.1
21 silly currentTree ├── bluebird@3.5.1
21 silly currentTree ├── body-parser@1.19.0
21 silly currentTree ├── boxen@1.3.0
21 silly currentTree ├── brace-expansion@1.1.11
21 silly currentTree ├─┬ braces@2.3.2
21 silly currentTree │ └── extend-shallow@2.0.1
21 silly currentTree ├── bson@1.1.1
21 silly currentTree ├── bytes@3.1.0
21 silly currentTree ├── cache-base@1.0.1
21 silly currentTree ├── camelcase@4.1.0
21 silly currentTree ├── capture-stack-trace@1.0.1
21 silly currentTree ├── chalk@2.4.2
21 silly currentTree ├── chokidar@2.1.8
21 silly currentTree ├── ci-info@1.6.0
21 silly currentTree ├─┬ class-utils@0.3.6
21 silly currentTree │ └── define-property@0.2.5
21 silly currentTree ├── cli-boxes@1.0.0
21 silly currentTree ├── collection-visit@1.0.0
21 silly currentTree ├── color-convert@1.9.3
21 silly currentTree ├── color-name@1.1.3
21 silly currentTree ├── component-emitter@1.3.0
21 silly currentTree ├── concat-map@0.0.1
21 silly currentTree ├── configstore@3.1.2
21 silly currentTree ├── content-disposition@0.5.3
21 silly currentTree ├── content-type@1.0.4
21 silly currentTree ├── cookie-signature@1.0.6
21 silly currentTree ├── cookie@0.4.0
21 silly currentTree ├── copy-descriptor@0.1.1
21 silly currentTree ├── core-util-is@1.0.2
21 silly currentTree ├── create-error-class@3.0.2
21 silly currentTree ├── cross-spawn@5.1.0
21 silly currentTree ├── crypto-random-string@1.0.0
21 silly currentTree ├── debug@2.6.9
21 silly currentTree ├── decode-uri-component@0.2.0
21 silly currentTree ├── deep-extend@0.6.0
21 silly currentTree ├─┬ define-property@2.0.2
21 silly currentTree │ ├── is-accessor-descriptor@1.0.0
21 silly currentTree │ ├── is-data-descriptor@1.0.0
21 silly currentTree │ └── is-descriptor@1.0.2
21 silly currentTree ├── depd@1.1.2
21 silly currentTree ├── destroy@1.0.4
21 silly currentTree ├── dot-prop@4.2.0
21 silly currentTree ├── duplexer3@0.1.4
21 silly currentTree ├── ee-first@1.1.1
21 silly currentTree ├── encodeurl@1.0.2
21 silly currentTree ├── escape-html@1.0.3
21 silly currentTree ├── escape-string-regexp@1.0.5
21 silly currentTree ├── etag@1.8.1
21 silly currentTree ├── execa@0.7.0
21 silly currentTree ├─┬ expand-brackets@2.1.4
21 silly currentTree │ ├── define-property@0.2.5
21 silly currentTree │ └── extend-shallow@2.0.1
21 silly currentTree ├── express@4.17.1
21 silly currentTree ├─┬ extend-shallow@3.0.2
21 silly currentTree │ └── is-extendable@1.0.1
21 silly currentTree ├─┬ extglob@2.0.4
21 silly currentTree │ ├── define-property@1.0.0
21 silly currentTree │ ├── extend-shallow@2.0.1
21 silly currentTree │ ├── is-accessor-descriptor@1.0.0
21 silly currentTree │ ├── is-data-descriptor@1.0.0
21 silly currentTree │ └── is-descriptor@1.0.2
21 silly currentTree ├─┬ fill-range@4.0.0
21 silly currentTree │ └── extend-shallow@2.0.1
21 silly currentTree ├── finalhandler@1.1.2
21 silly currentTree ├── for-in@1.0.2
21 silly currentTree ├── forwarded@0.1.2
21 silly currentTree ├── fragment-cache@0.2.1
21 silly currentTree ├── fresh@0.5.2
21 silly currentTree ├── get-stream@3.0.0
21 silly currentTree ├── get-value@2.0.6
21 silly currentTree ├─┬ glob-parent@3.1.0
21 silly currentTree │ └── is-glob@3.1.0
21 silly currentTree ├── global-dirs@0.1.1
21 silly currentTree ├── got@6.7.1
21 silly currentTree ├── graceful-fs@4.2.2
21 silly currentTree ├── has-flag@3.0.0
21 silly currentTree ├── has-value@1.0.0
21 silly currentTree ├─┬ has-values@1.0.0
21 silly currentTree │ └── kind-of@4.0.0
21 silly currentTree ├── http-errors@1.7.2
21 silly currentTree ├── iconv-lite@0.4.24
21 silly currentTree ├── ignore-by-default@1.0.1
21 silly currentTree ├── import-lazy@2.1.0
21 silly currentTree ├── imurmurhash@0.1.4
21 silly currentTree ├── inherits@2.0.3
21 silly currentTree ├── ini@1.3.5
21 silly currentTree ├── ipaddr.js@1.9.0
21 silly currentTree ├─┬ is-accessor-descriptor@0.1.6
21 silly currentTree │ └── kind-of@3.2.2
21 silly currentTree ├── is-binary-path@1.0.1
21 silly currentTree ├── is-buffer@1.1.6
21 silly currentTree ├── is-ci@1.2.1
21 silly currentTree ├─┬ is-data-descriptor@0.1.4
21 silly currentTree │ └── kind-of@3.2.2
21 silly currentTree ├─┬ is-descriptor@0.1.6
21 silly currentTree │ └── kind-of@5.1.0
21 silly currentTree ├── is-extendable@0.1.1
21 silly currentTree ├── is-extglob@2.1.1
21 silly currentTree ├── is-fullwidth-code-point@2.0.0
21 silly currentTree ├── is-glob@4.0.1
21 silly currentTree ├── is-installed-globally@0.1.0
21 silly currentTree ├── is-npm@1.0.0
21 silly currentTree ├─┬ is-number@3.0.0
21 silly currentTree │ └── kind-of@3.2.2
21 silly currentTree ├── is-obj@1.0.1
21 silly currentTree ├── is-path-inside@1.0.1
21 silly currentTree ├── is-plain-object@2.0.4
21 silly currentTree ├── is-redirect@1.0.0
21 silly currentTree ├── is-retry-allowed@1.2.0
21 silly currentTree ├── is-stream@1.1.0
21 silly currentTree ├── is-windows@1.0.2
21 silly currentTree ├── isarray@1.0.0
21 silly currentTree ├── isexe@2.0.0
21 silly currentTree ├── isobject@3.0.1
21 silly currentTree ├── kareem@2.3.1
21 silly currentTree ├── kind-of@6.0.2
21 silly currentTree ├── latest-version@3.1.0
21 silly currentTree ├── lodash.foreach@4.5.0
21 silly currentTree ├── lodash.get@4.4.2
21 silly currentTree ├── lodash@4.17.15
21 silly currentTree ├── lowercase-keys@1.0.1
21 silly currentTree ├── lru-cache@4.1.5
21 silly currentTree ├── make-dir@1.3.0
21 silly currentTree ├── map-cache@0.2.2
21 silly currentTree ├── map-visit@1.0.0
21 silly currentTree ├── media-typer@0.3.0
21 silly currentTree ├── merge-descriptors@1.0.1
21 silly currentTree ├── methods@1.1.2
21 silly currentTree ├── micromatch@3.1.10
21 silly currentTree ├── mime-db@1.40.0
21 silly currentTree ├── mime-types@2.1.24
21 silly currentTree ├── mime@1.6.0
21 silly currentTree ├── minimatch@3.0.4
21 silly currentTree ├── minimist@1.2.0
21 silly currentTree ├─┬ mixin-deep@1.3.2
21 silly currentTree │ └── is-extendable@1.0.1
21 silly currentTree ├── mongodb@3.3.2
21 silly currentTree ├── mongoose-legacy-pluralize@1.0.2
21 silly currentTree ├── mongoose-unique-validator@2.0.3
21 silly currentTree ├─┬ mongoose@5.7.1
21 silly currentTree │ └── ms@2.1.2
21 silly currentTree ├── mpath@0.6.0
21 silly currentTree ├─┬ mquery@3.2.1
21 silly currentTree │ └── debug@3.1.0
21 silly currentTree ├── ms@2.0.0
21 silly currentTree ├── nanomatch@1.2.13
21 silly currentTree ├── negotiator@0.6.2
21 silly currentTree ├─┬ nodemon@1.19.2
21 silly currentTree │ ├── debug@3.2.6
21 silly currentTree │ └── ms@2.1.2
21 silly currentTree ├── nopt@1.0.10
21 silly currentTree ├── normalize-path@3.0.0
21 silly currentTree ├── npm-run-path@2.0.2
21 silly currentTree ├─┬ object-copy@0.1.0
21 silly currentTree │ ├── define-property@0.2.5
21 silly currentTree │ └── kind-of@3.2.2
21 silly currentTree ├── object-visit@1.0.1
21 silly currentTree ├── object.pick@1.3.0
21 silly currentTree ├── on-finished@2.3.0
21 silly currentTree ├── p-finally@1.0.0
21 silly currentTree ├── package-json@4.0.1
21 silly currentTree ├── parseurl@1.3.3
21 silly currentTree ├── pascalcase@0.1.1
21 silly currentTree ├── path-dirname@1.0.2
21 silly currentTree ├── path-is-absolute@1.0.1
21 silly currentTree ├── path-is-inside@1.0.2
21 silly currentTree ├── path-key@2.0.1
21 silly currentTree ├── path-to-regexp@0.1.7
21 silly currentTree ├── pify@3.0.0
21 silly currentTree ├── posix-character-classes@0.1.1
21 silly currentTree ├── prepend-http@1.0.4
21 silly currentTree ├── process-nextick-args@2.0.1
21 silly currentTree ├── proxy-addr@2.0.5
21 silly currentTree ├── pseudomap@1.0.2
21 silly currentTree ├── pstree.remy@1.1.7
21 silly currentTree ├── qs@6.7.0
21 silly currentTree ├── range-parser@1.2.1
21 silly currentTree ├── raw-body@2.4.0
21 silly currentTree ├── rc@1.2.8
21 silly currentTree ├── readable-stream@2.3.6
21 silly currentTree ├── readdirp@2.2.1
21 silly currentTree ├── regex-not@1.0.2
21 silly currentTree ├── regexp-clone@1.0.0
21 silly currentTree ├── registry-auth-token@3.4.0
21 silly currentTree ├── registry-url@3.1.0
21 silly currentTree ├── remove-trailing-separator@1.1.0
21 silly currentTree ├── repeat-element@1.1.3
21 silly currentTree ├── repeat-string@1.6.1
21 silly currentTree ├── require_optional@1.0.1
21 silly currentTree ├── resolve-from@2.0.0
21 silly currentTree ├── resolve-url@0.2.1
21 silly currentTree ├── ret@0.1.15
21 silly currentTree ├── safe-buffer@5.1.2
21 silly currentTree ├── safe-regex@1.1.0
21 silly currentTree ├── safer-buffer@2.1.2
21 silly currentTree ├── semver-diff@2.1.0
21 silly currentTree ├── semver@5.7.1
21 silly currentTree ├─┬ send@0.17.1
21 silly currentTree │ └── ms@2.1.1
21 silly currentTree ├── serve-static@1.14.1
21 silly currentTree ├─┬ set-value@2.0.1
21 silly currentTree │ └── extend-shallow@2.0.1
21 silly currentTree ├── setprototypeof@1.1.1
21 silly currentTree ├── shebang-command@1.2.0
21 silly currentTree ├── shebang-regex@1.0.0
21 silly currentTree ├── sift@7.0.1
21 silly currentTree ├── signal-exit@3.0.2
21 silly currentTree ├── sliced@1.0.1
21 silly currentTree ├─┬ snapdragon-node@2.1.1
21 silly currentTree │ ├── define-property@1.0.0
21 silly currentTree │ ├── is-accessor-descriptor@1.0.0
21 silly currentTree │ ├── is-data-descriptor@1.0.0
21 silly currentTree │ └── is-descriptor@1.0.2
21 silly currentTree ├─┬ snapdragon-util@3.0.1
21 silly currentTree │ └── kind-of@3.2.2
21 silly currentTree ├─┬ snapdragon@0.8.2
21 silly currentTree │ ├── define-property@0.2.5
21 silly currentTree │ └── extend-shallow@2.0.1
21 silly currentTree ├── source-map-resolve@0.5.2
21 silly currentTree ├── source-map-url@0.4.0
21 silly currentTree ├── source-map@0.5.7
21 silly currentTree ├── split-string@3.1.0
21 silly currentTree ├─┬ static-extend@0.1.2
21 silly currentTree │ └── define-property@0.2.5
21 silly currentTree ├── statuses@1.5.0
21 silly currentTree ├── string_decoder@1.1.1
21 silly currentTree ├── string-width@2.1.1
21 silly currentTree ├── strip-ansi@4.0.0
21 silly currentTree ├── strip-eof@1.0.0
21 silly currentTree ├── strip-json-comments@2.0.1
21 silly currentTree ├── supports-color@5.5.0
21 silly currentTree ├── term-size@1.2.0
21 silly currentTree ├── timed-out@4.0.1
21 silly currentTree ├─┬ to-object-path@0.3.0
21 silly currentTree │ └── kind-of@3.2.2
21 silly currentTree ├── to-regex-range@2.1.1
21 silly currentTree ├── to-regex@3.0.2
21 silly currentTree ├── toidentifier@1.0.0
21 silly currentTree ├── touch@3.1.0
21 silly currentTree ├── type-is@1.6.18
21 silly currentTree ├── undefsafe@2.0.2
21 silly currentTree ├── union-value@1.0.1
21 silly currentTree ├── unique-string@1.0.0
21 silly currentTree ├── unpipe@1.0.0
21 silly currentTree ├─┬ unset-value@1.0.0
21 silly currentTree │ ├─┬ has-value@0.3.1
21 silly currentTree │ │ └── isobject@2.1.0
21 silly currentTree │ └── has-values@0.1.4
21 silly currentTree ├── unzip-response@2.0.1
21 silly currentTree ├── upath@1.2.0
21 silly currentTree ├── update-notifier@2.5.0
21 silly currentTree ├── urix@0.1.0
21 silly currentTree ├── url-parse-lax@1.0.0
21 silly currentTree ├── use@3.1.1
21 silly currentTree ├── util-deprecate@1.0.2
21 silly currentTree ├── utils-merge@1.0.1
21 silly currentTree ├── vary@1.1.2
21 silly currentTree ├── which@1.3.1
21 silly currentTree ├── widest-line@2.0.1
21 silly currentTree ├── write-file-atomic@2.4.3
21 silly currentTree ├── xdg-basedir@3.0.0
21 silly currentTree └── yallist@2.1.2
22 silly idealTree backend.angular@1.0.0
22 silly idealTree ├── abbrev@1.1.1
22 silly idealTree ├── accepts@1.3.7
22 silly idealTree ├── ansi-align@2.0.0
22 silly idealTree ├── ansi-regex@3.0.0
22 silly idealTree ├── ansi-styles@3.2.1
22 silly idealTree ├─┬ anymatch@2.0.0
22 silly idealTree │ └── normalize-path@2.1.1
22 silly idealTree ├── arr-diff@4.0.0
22 silly idealTree ├── arr-flatten@1.1.0
22 silly idealTree ├── arr-union@3.1.0
22 silly idealTree ├── array-flatten@1.1.1
22 silly idealTree ├── array-unique@0.3.2
22 silly idealTree ├── assign-symbols@1.0.0
22 silly idealTree ├── async-each@1.0.3
22 silly idealTree ├── async@2.6.2
22 silly idealTree ├── atob@2.1.2
22 silly idealTree ├── balanced-match@1.0.0
22 silly idealTree ├─┬ base@0.11.2
22 silly idealTree │ ├── define-property@1.0.0
22 silly idealTree │ ├── is-accessor-descriptor@1.0.0
22 silly idealTree │ ├── is-data-descriptor@1.0.0
22 silly idealTree │ └── is-descriptor@1.0.2
22 silly idealTree ├── bcrypt-nodejs@0.0.3
22 silly idealTree ├── binary-extensions@1.13.1
22 silly idealTree ├── bluebird@3.5.1
22 silly idealTree ├── body-parser@1.19.0
22 silly idealTree ├── boxen@1.3.0
22 silly idealTree ├── brace-expansion@1.1.11
22 silly idealTree ├─┬ braces@2.3.2
22 silly idealTree │ └── extend-shallow@2.0.1
22 silly idealTree ├── bson@1.1.1
22 silly idealTree ├── bytes@3.1.0
22 silly idealTree ├── cache-base@1.0.1
22 silly idealTree ├── camelcase@4.1.0
22 silly idealTree ├── capture-stack-trace@1.0.1
22 silly idealTree ├── chalk@2.4.2
22 silly idealTree ├── chokidar@2.1.8
22 silly idealTree ├── ci-info@1.6.0
22 silly idealTree ├─┬ class-utils@0.3.6
22 silly idealTree │ └── define-property@0.2.5
22 silly idealTree ├── cli-boxes@1.0.0
22 silly idealTree ├── collection-visit@1.0.0
22 silly idealTree ├── color-convert@1.9.3
22 silly idealTree ├── color-name@1.1.3
22 silly idealTree ├── component-emitter@1.3.0
22 silly idealTree ├── concat-map@0.0.1
22 silly idealTree ├── configstore@3.1.2
22 silly idealTree ├── content-disposition@0.5.3
22 silly idealTree ├── content-type@1.0.4
22 silly idealTree ├── cookie-signature@1.0.6
22 silly idealTree ├── cookie@0.4.0
22 silly idealTree ├── copy-descriptor@0.1.1
22 silly idealTree ├── core-util-is@1.0.2
22 silly idealTree ├── create-error-class@3.0.2
22 silly idealTree ├── cross-spawn@5.1.0
22 silly idealTree ├── crypto-random-string@1.0.0
22 silly idealTree ├── debug@2.6.9
22 silly idealTree ├── decode-uri-component@0.2.0
22 silly idealTree ├── deep-extend@0.6.0
22 silly idealTree ├─┬ define-property@2.0.2
22 silly idealTree │ ├── is-accessor-descriptor@1.0.0
22 silly idealTree │ ├── is-data-descriptor@1.0.0
22 silly idealTree │ └── is-descriptor@1.0.2
22 silly idealTree ├── depd@1.1.2
22 silly idealTree ├── destroy@1.0.4
22 silly idealTree ├── dot-prop@4.2.0
22 silly idealTree ├── duplexer3@0.1.4
22 silly idealTree ├── ee-first@1.1.1
22 silly idealTree ├── encodeurl@1.0.2
22 silly idealTree ├── escape-html@1.0.3
22 silly idealTree ├── escape-string-regexp@1.0.5
22 silly idealTree ├── etag@1.8.1
22 silly idealTree ├── execa@0.7.0
22 silly idealTree ├─┬ expand-brackets@2.1.4
22 silly idealTree │ ├── define-property@0.2.5
22 silly idealTree │ └── extend-shallow@2.0.1
22 silly idealTree ├── express@4.17.1
22 silly idealTree ├─┬ extend-shallow@3.0.2
22 silly idealTree │ └── is-extendable@1.0.1
22 silly idealTree ├─┬ extglob@2.0.4
22 silly idealTree │ ├── define-property@1.0.0
22 silly idealTree │ ├── extend-shallow@2.0.1
22 silly idealTree │ ├── is-accessor-descriptor@1.0.0
22 silly idealTree │ ├── is-data-descriptor@1.0.0
22 silly idealTree │ └── is-descriptor@1.0.2
22 silly idealTree ├─┬ fill-range@4.0.0
22 silly idealTree │ └── extend-shallow@2.0.1
22 silly idealTree ├── finalhandler@1.1.2
22 silly idealTree ├── for-in@1.0.2
22 silly idealTree ├── forwarded@0.1.2
22 silly idealTree ├── fragment-cache@0.2.1
22 silly idealTree ├── fresh@0.5.2
22 silly idealTree ├── get-stream@3.0.0
22 silly idealTree ├── get-value@2.0.6
22 silly idealTree ├─┬ glob-parent@3.1.0
22 silly idealTree │ └── is-glob@3.1.0
22 silly idealTree ├── global-dirs@0.1.1
22 silly idealTree ├── got@6.7.1
22 silly idealTree ├── graceful-fs@4.2.2
22 silly idealTree ├── has-flag@3.0.0
22 silly idealTree ├── has-value@1.0.0
22 silly idealTree ├─┬ has-values@1.0.0
22 silly idealTree │ └── kind-of@4.0.0
22 silly idealTree ├── http-errors@1.7.2
22 silly idealTree ├── iconv-lite@0.4.24
22 silly idealTree ├── ignore-by-default@1.0.1
22 silly idealTree ├── import-lazy@2.1.0
22 silly idealTree ├── imurmurhash@0.1.4
22 silly idealTree ├── inherits@2.0.3
22 silly idealTree ├── ini@1.3.5
22 silly idealTree ├── ipaddr.js@1.9.0
22 silly idealTree ├─┬ is-accessor-descriptor@0.1.6
22 silly idealTree │ └── kind-of@3.2.2
22 silly idealTree ├── is-binary-path@1.0.1
22 silly idealTree ├── is-buffer@1.1.6
22 silly idealTree ├── is-ci@1.2.1
22 silly idealTree ├─┬ is-data-descriptor@0.1.4
22 silly idealTree │ └── kind-of@3.2.2
22 silly idealTree ├─┬ is-descriptor@0.1.6
22 silly idealTree │ └── kind-of@5.1.0
22 silly idealTree ├── is-extendable@0.1.1
22 silly idealTree ├── is-extglob@2.1.1
22 silly idealTree ├── is-fullwidth-code-point@2.0.0
22 silly idealTree ├── is-glob@4.0.1
22 silly idealTree ├── is-installed-globally@0.1.0
22 silly idealTree ├── is-npm@1.0.0
22 silly idealTree ├─┬ is-number@3.0.0
22 silly idealTree │ └── kind-of@3.2.2
22 silly idealTree ├── is-obj@1.0.1
22 silly idealTree ├── is-path-inside@1.0.1
22 silly idealTree ├── is-plain-object@2.0.4
22 silly idealTree ├── is-redirect@1.0.0
22 silly idealTree ├── is-retry-allowed@1.2.0
22 silly idealTree ├── is-stream@1.1.0
22 silly idealTree ├── is-windows@1.0.2
22 silly idealTree ├── isarray@1.0.0
22 silly idealTree ├── isexe@2.0.0
22 silly idealTree ├── isobject@3.0.1
22 silly idealTree ├── kareem@2.3.1
22 silly idealTree ├── kind-of@6.0.2
22 silly idealTree ├── latest-version@3.1.0
22 silly idealTree ├── lodash.foreach@4.5.0
22 silly idealTree ├── lodash.get@4.4.2
22 silly idealTree ├── lodash@4.17.15
22 silly idealTree ├── lowercase-keys@1.0.1
22 silly idealTree ├── lru-cache@4.1.5
22 silly idealTree ├── make-dir@1.3.0
22 silly idealTree ├── map-cache@0.2.2
22 silly idealTree ├── map-visit@1.0.0
22 silly idealTree ├── media-typer@0.3.0
22 silly idealTree ├── merge-descriptors@1.0.1
22 silly idealTree ├── methods@1.1.2
22 silly idealTree ├── micromatch@3.1.10
22 silly idealTree ├── mime-db@1.40.0
22 silly idealTree ├── mime-types@2.1.24
22 silly idealTree ├── mime@1.6.0
22 silly idealTree ├── minimatch@3.0.4
22 silly idealTree ├── minimist@1.2.0
22 silly idealTree ├─┬ mixin-deep@1.3.2
22 silly idealTree │ └── is-extendable@1.0.1
22 silly idealTree ├── mongodb@3.3.2
22 silly idealTree ├── mongoose-legacy-pluralize@1.0.2
22 silly idealTree ├── mongoose-unique-validator@2.0.3
22 silly idealTree ├─┬ mongoose@5.7.1
22 silly idealTree │ └── ms@2.1.2
22 silly idealTree ├── mpath@0.6.0
22 silly idealTree ├─┬ mquery@3.2.1
22 silly idealTree │ └── debug@3.1.0
22 silly idealTree ├── ms@2.0.0
22 silly idealTree ├── nanomatch@1.2.13
22 silly idealTree ├── negotiator@0.6.2
22 silly idealTree ├─┬ nodemon@1.19.2
22 silly idealTree │ ├── debug@3.2.6
22 silly idealTree │ └── ms@2.1.2
22 silly idealTree ├── nopt@1.0.10
22 silly idealTree ├── normalize-path@3.0.0
22 silly idealTree ├── npm-run-path@2.0.2
22 silly idealTree ├─┬ object-copy@0.1.0
22 silly idealTree │ ├── define-property@0.2.5
22 silly idealTree │ └── kind-of@3.2.2
22 silly idealTree ├── object-visit@1.0.1
22 silly idealTree ├── object.pick@1.3.0
22 silly idealTree ├── on-finished@2.3.0
22 silly idealTree ├── p-finally@1.0.0
22 silly idealTree ├── package-json@4.0.1
22 silly idealTree ├── parseurl@1.3.3
22 silly idealTree ├── pascalcase@0.1.1
22 silly idealTree ├── path-dirname@1.0.2
22 silly idealTree ├── path-is-absolute@1.0.1
22 silly idealTree ├── path-is-inside@1.0.2
22 silly idealTree ├── path-key@2.0.1
22 silly idealTree ├── path-to-regexp@0.1.7
22 silly idealTree ├── pify@3.0.0
22 silly idealTree ├── posix-character-classes@0.1.1
22 silly idealTree ├── prepend-http@1.0.4
22 silly idealTree ├── process-nextick-args@2.0.1
22 silly idealTree ├── proxy-addr@2.0.5
22 silly idealTree ├── pseudomap@1.0.2
22 silly idealTree ├── pstree.remy@1.1.7
22 silly idealTree ├── qs@6.7.0
22 silly idealTree ├── range-parser@1.2.1
22 silly idealTree ├── raw-body@2.4.0
22 silly idealTree ├── rc@1.2.8
22 silly idealTree ├── readable-stream@2.3.6
22 silly idealTree ├── readdirp@2.2.1
22 silly idealTree ├── regex-not@1.0.2
22 silly idealTree ├── regexp-clone@1.0.0
22 silly idealTree ├── registry-auth-token@3.4.0
22 silly idealTree ├── registry-url@3.1.0
22 silly idealTree ├── remove-trailing-separator@1.1.0
22 silly idealTree ├── repeat-element@1.1.3
22 silly idealTree ├── repeat-string@1.6.1
22 silly idealTree ├── require_optional@1.0.1
22 silly idealTree ├── resolve-from@2.0.0
22 silly idealTree ├── resolve-url@0.2.1
22 silly idealTree ├── ret@0.1.15
22 silly idealTree ├── safe-buffer@5.1.2
22 silly idealTree ├── safe-regex@1.1.0
22 silly idealTree ├── safer-buffer@2.1.2
22 silly idealTree ├── semver-diff@2.1.0
22 silly idealTree ├── semver@5.7.1
22 silly idealTree ├─┬ send@0.17.1
22 silly idealTree │ └── ms@2.1.1
22 silly idealTree ├── serve-static@1.14.1
22 silly idealTree ├─┬ set-value@2.0.1
22 silly idealTree │ └── extend-shallow@2.0.1
22 silly idealTree ├── setprototypeof@1.1.1
22 silly idealTree ├── shebang-command@1.2.0
22 silly idealTree ├── shebang-regex@1.0.0
22 silly idealTree ├── sift@7.0.1
22 silly idealTree ├── signal-exit@3.0.2
22 silly idealTree ├── sliced@1.0.1
22 silly idealTree ├─┬ snapdragon-node@2.1.1
22 silly idealTree │ ├── define-property@1.0.0
22 silly idealTree │ ├── is-accessor-descriptor@1.0.0
22 silly idealTree │ ├── is-data-descriptor@1.0.0
22 silly idealTree │ └── is-descriptor@1.0.2
22 silly idealTree ├─┬ snapdragon-util@3.0.1
22 silly idealTree │ └── kind-of@3.2.2
22 silly idealTree ├─┬ snapdragon@0.8.2
22 silly idealTree │ ├── define-property@0.2.5
22 silly idealTree │ └── extend-shallow@2.0.1
22 silly idealTree ├── source-map-resolve@0.5.2
22 silly idealTree ├── source-map-url@0.4.0
22 silly idealTree ├── source-map@0.5.7
22 silly idealTree ├── split-string@3.1.0
22 silly idealTree ├─┬ static-extend@0.1.2
22 silly idealTree │ └── define-property@0.2.5
22 silly idealTree ├── statuses@1.5.0
22 silly idealTree ├── string_decoder@1.1.1
22 silly idealTree ├── string-width@2.1.1
22 silly idealTree ├── strip-ansi@4.0.0
22 silly idealTree ├── strip-eof@1.0.0
22 silly idealTree ├── strip-json-comments@2.0.1
22 silly idealTree ├── supports-color@5.5.0
22 silly idealTree ├── term-size@1.2.0
22 silly idealTree ├── timed-out@4.0.1
22 silly idealTree ├─┬ to-object-path@0.3.0
22 silly idealTree │ └── kind-of@3.2.2
22 silly idealTree ├── to-regex-range@2.1.1
22 silly idealTree ├── to-regex@3.0.2
22 silly idealTree ├── toidentifier@1.0.0
22 silly idealTree ├── touch@3.1.0
22 silly idealTree ├── type-is@1.6.18
22 silly idealTree ├── undefsafe@2.0.2
22 silly idealTree ├── union-value@1.0.1
22 silly idealTree ├── unique-string@1.0.0
22 silly idealTree ├── unpipe@1.0.0
22 silly idealTree ├─┬ unset-value@1.0.0
22 silly idealTree │ ├─┬ has-value@0.3.1
22 silly idealTree │ │ └── isobject@2.1.0
22 silly idealTree │ └── has-values@0.1.4
22 silly idealTree ├── unzip-response@2.0.1
22 silly idealTree ├── upath@1.2.0
22 silly idealTree ├── update-notifier@2.5.0
22 silly idealTree ├── urix@0.1.0
22 silly idealTree ├── url-parse-lax@1.0.0
22 silly idealTree ├── use@3.1.1
22 silly idealTree ├── util-deprecate@1.0.2
22 silly idealTree ├── utils-merge@1.0.1
22 silly idealTree ├── vary@1.1.2
22 silly idealTree ├── which@1.3.1
22 silly idealTree ├── widest-line@2.0.1
22 silly idealTree ├── write-file-atomic@2.4.3
22 silly idealTree ├── xdg-basedir@3.0.0
22 silly idealTree └── yallist@2.1.2
23 silly generateActionsToTake Starting
24 silly install generateActionsToTake
25 silly generateActionsToTake Finishing
26 silly diffTrees action count 0
27 silly decomposeActions action count 0
28 silly runTopLevelLifecycles Starting
29 silly executeActions Starting
30 silly install executeActions
31 silly doSerial global-install 0
32 silly doParallel fetch 0
33 verbose correctMkdir /home/sgento/.npm/_locks correctMkdir not in flight; initializing
34 verbose lock using /home/sgento/.npm/_locks/staging-2434a5a792e8d587.lock for /home/sgento/code/angular_adv/backend-angular/node_modules/.staging
35 verbose unlock done using /home/sgento/.npm/_locks/staging-2434a5a792e8d587.lock for /home/sgento/code/angular_adv/backend-angular/node_modules/.staging
36 silly rollbackFailedOptional Starting
37 silly rollbackFailedOptional Finishing
38 silly runTopLevelLifecycles Finishing
39 silly install printInstalled
40 warn backend.angular@1.0.0 No description
41 verbose If you need help, you may report this error at:
41 verbose     <https://github.com/npm/npm/issues>
42 warn backend.angular@1.0.0 No repository field.
43 verbose If you need help, you may report this error at:
43 verbose     <https://github.com/npm/npm/issues>
44 verbose stack Error: EACCES: permission denied, mkdir '/home/sgento/code/angular_adv/backend-angular/node_modules/.staging'
45 verbose cwd /home/sgento/code/angular_adv/backend-angular
46 error Linux 4.15.0-62-generic
47 error argv "/home/sgento/.nvm/versions/node/v10.9.0/bin/node" "/home/sgento/.nvm/versions/node/v10.9.0/bin/npm" "uninstall" "--save" "bcrypt"
48 error node v10.9.0
49 error npm  v3.10.10
50 error path /home/sgento/code/angular_adv/backend-angular/node_modules/.staging
51 error code EACCES
52 error errno -13
53 error syscall mkdir
54 error Error: EACCES: permission denied, mkdir '/home/sgento/code/angular_adv/backend-angular/node_modules/.staging'
54 error  { [Error: EACCES: permission denied, mkdir '/home/sgento/code/angular_adv/backend-angular/node_modules/.staging']
54 error   errno: -13,
54 error   code: 'EACCES',
54 error   syscall: 'mkdir',
54 error   path:
54 error    '/home/sgento/code/angular_adv/backend-angular/node_modules/.staging' }
55 error Please try running this command again as root/Administrator.
56 verbose exit [ -13, true ]
